<?xml version="1.0" ?>
<!DOCTYPE coverage SYSTEM 'http://cobertura.sourceforge.net/xml/coverage-04.dtd'>
<coverage line-rate="0.996" lines-covered="269" lines-valid="270" branch-rate="1.0" branches-covered="1.0" branches-rate="1.0" complexity="1.0" version="1.9" timestamp="1780660555">
	<sources>
		<source>/home/renich/Projects/crystal/crypto/crystal-tpm2-tss/src/crystal-tpm2-tss/core.cr/</source>
	</sources>
	<packages>
		<package name="spec_bin" line-rate="0.996" lines-covered="269" lines-valid="270" branch-rate="1.0" complexity="1.0">
			<classes>
				<class name="core_cr__0" filename="/home/renich/Projects/crystal/crypto/crystal-tpm2-tss/src/crystal-tpm2-tss/core.cr" branch-rate="1.0" complexity="1.0" line-rate="0.996">
					<lines>
						<line number="11" hits="2"/>
						<line number="99" hits="12"/>
						<line number="100" hits="3"/>
						<line number="106" hits="1"/>
						<line number="107" hits="1"/>
						<line number="111" hits="1"/>
						<line number="112" hits="1"/>
						<line number="117" hits="2"/>
						<line number="118" hits="2"/>
						<line number="119" hits="2"/>
						<line number="123" hits="2"/>
						<line number="128" hits="1"/>
						<line number="131" hits="1"/>
						<line number="133" hits="1"/>
						<line number="134" hits="3"/>
						<line number="136" hits="2"/>
						<line number="137" hits="2"/>
						<line number="141" hits="1"/>
						<line number="144" hits="1"/>
						<line number="146" hits="1"/>
						<line number="149" hits="1"/>
						<line number="152" hits="2"/>
						<line number="153" hits="2"/>
						<line number="155" hits="1"/>
						<line number="159" hits="1"/>
						<line number="161" hits="1"/>
						<line number="163" hits="1"/>
						<line number="164" hits="1"/>
						<line number="165" hits="1"/>
						<line number="166" hits="1"/>
						<line number="168" hits="3"/>
						<line number="170" hits="3"/>
						<line number="171" hits="2"/>
						<line number="175" hits="2"/>
						<line number="176" hits="1"/>
						<line number="177" hits="1"/>
						<line number="178" hits="1"/>
						<line number="179" hits="1"/>
						<line number="181" hits="3"/>
						<line number="183" hits="2"/>
						<line number="184" hits="1"/>
						<line number="190" hits="1"/>
						<line number="191" hits="1"/>
						<line number="195" hits="1"/>
						<line number="196" hits="1"/>
						<line number="199" hits="1"/>
						<line number="200" hits="1"/>
						<line number="202" hits="1"/>
						<line number="203" hits="1"/>
						<line number="204" hits="1"/>
						<line number="205" hits="1"/>
						<line number="206" hits="1"/>
						<line number="208" hits="1"/>
						<line number="211" hits="2"/>
						<line number="212" hits="1"/>
						<line number="213" hits="1"/>
						<line number="214" hits="1"/>
						<line number="215" hits="1"/>
						<line number="217" hits="1"/>
						<line number="218" hits="1"/>
						<line number="219" hits="1"/>
						<line number="220" hits="1"/>
						<line number="224" hits="2"/>
						<line number="225" hits="1"/>
						<line number="226" hits="1"/>
						<line number="227" hits="1"/>
						<line number="228" hits="1"/>
						<line number="229" hits="1"/>
						<line number="230" hits="1"/>
						<line number="231" hits="1"/>
						<line number="232" hits="1"/>
						<line number="235" hits="2"/>
						<line number="236" hits="1"/>
						<line number="237" hits="1"/>
						<line number="238" hits="1"/>
						<line number="239" hits="1"/>
						<line number="240" hits="1"/>
						<line number="241" hits="1"/>
						<line number="244" hits="2"/>
						<line number="245" hits="1"/>
						<line number="246" hits="1"/>
						<line number="247" hits="1"/>
						<line number="248" hits="1"/>
						<line number="249" hits="1"/>
						<line number="252" hits="3"/>
						<line number="253" hits="4"/>
						<line number="254" hits="1"/>
						<line number="255" hits="1"/>
						<line number="256" hits="1"/>
						<line number="257" hits="3"/>
						<line number="260" hits="1"/>
						<line number="273" hits="3"/>
						<line number="274" hits="1"/>
						<line number="277" hits="3"/>
						<line number="278" hits="1"/>
						<line number="287" hits="4"/>
						<line number="288" hits="1"/>
						<line number="289" hits="1"/>
						<line number="290" hits="1"/>
						<line number="291" hits="1"/>
						<line number="292" hits="1"/>
						<line number="295" hits="2"/>
						<line number="297" hits="2"/>
						<line number="301" hits="2"/>
						<line number="303" hits="2"/>
						<line number="304" hits="1"/>
						<line number="306" hits="1"/>
						<line number="307" hits="1"/>
						<line number="308" hits="1"/>
						<line number="309" hits="1"/>
						<line number="310" hits="1"/>
						<line number="311" hits="1"/>
						<line number="313" hits="1"/>
						<line number="317" hits="2"/>
						<line number="319" hits="1"/>
						<line number="320" hits="2"/>
						<line number="321" hits="1"/>
						<line number="325" hits="1"/>
						<line number="327" hits="1"/>
						<line number="328" hits="0"/>
						<line number="329" hits="1"/>
						<line number="334" hits="1"/>
						<line number="336" hits="1"/>
						<line number="337" hits="2"/>
						<line number="338" hits="3"/>
						<line number="352" hits="9"/>
						<line number="353" hits="3"/>
						<line number="354" hits="2"/>
						<line number="355" hits="2"/>
						<line number="359" hits="2"/>
						<line number="360" hits="1"/>
						<line number="363" hits="1"/>
						<line number="364" hits="1"/>
						<line number="366" hits="1"/>
						<line number="391" hits="2"/>
						<line number="395" hits="1"/>
						<line number="398" hits="1"/>
						<line number="399" hits="2"/>
						<line number="401" hits="2"/>
						<line number="402" hits="2"/>
						<line number="406" hits="1"/>
						<line number="409" hits="1"/>
						<line number="410" hits="1"/>
						<line number="411" hits="2"/>
						<line number="413" hits="1"/>
						<line number="418" hits="2"/>
						<line number="420" hits="1"/>
						<line number="422" hits="1"/>
						<line number="424" hits="2"/>
						<line number="427" hits="1"/>
						<line number="430" hits="1"/>
						<line number="433" hits="1"/>
						<line number="436" hits="1"/>
						<line number="447" hits="2"/>
						<line number="449" hits="1"/>
						<line number="450" hits="1"/>
						<line number="451" hits="1"/>
						<line number="452" hits="1"/>
						<line number="454" hits="2"/>
						<line number="456" hits="2"/>
						<line number="457" hits="2"/>
						<line number="460" hits="1"/>
						<line number="463" hits="2"/>
						<line number="464" hits="1"/>
						<line number="467" hits="1"/>
						<line number="468" hits="1"/>
						<line number="469" hits="1"/>
						<line number="470" hits="1"/>
						<line number="473" hits="1"/>
						<line number="474" hits="1"/>
						<line number="475" hits="1"/>
						<line number="481" hits="1"/>
						<line number="483" hits="1"/>
						<line number="486" hits="1"/>
						<line number="487" hits="1"/>
						<line number="488" hits="1"/>
						<line number="489" hits="1"/>
						<line number="492" hits="1"/>
						<line number="495" hits="1"/>
						<line number="497" hits="1"/>
						<line number="500" hits="1"/>
						<line number="501" hits="1"/>
						<line number="502" hits="1"/>
						<line number="506" hits="2"/>
						<line number="507" hits="1"/>
						<line number="508" hits="1"/>
						<line number="509" hits="1"/>
						<line number="510" hits="1"/>
						<line number="511" hits="1"/>
						<line number="512" hits="1"/>
						<line number="513" hits="1"/>
						<line number="514" hits="1"/>
						<line number="517" hits="2"/>
						<line number="518" hits="1"/>
						<line number="519" hits="1"/>
						<line number="523" hits="2"/>
						<line number="524" hits="1"/>
						<line number="526" hits="1"/>
						<line number="527" hits="1"/>
						<line number="529" hits="1"/>
						<line number="530" hits="1"/>
						<line number="531" hits="1"/>
						<line number="533" hits="1"/>
						<line number="534" hits="1"/>
						<line number="535" hits="1"/>
						<line number="537" hits="1"/>
						<line number="541" hits="2"/>
						<line number="542" hits="1"/>
						<line number="561" hits="2"/>
						<line number="562" hits="1"/>
						<line number="571" hits="2"/>
						<line number="573" hits="2"/>
						<line number="584" hits="4"/>
						<line number="585" hits="1"/>
						<line number="586" hits="1"/>
						<line number="587" hits="1"/>
						<line number="590" hits="2"/>
						<line number="591" hits="1"/>
						<line number="594" hits="2"/>
						<line number="595" hits="1"/>
						<line number="598" hits="2"/>
						<line number="599" hits="1"/>
						<line number="607" hits="2"/>
						<line number="608" hits="2"/>
						<line number="610" hits="4"/>
						<line number="611" hits="1"/>
						<line number="612" hits="1"/>
						<line number="615" hits="4"/>
						<line number="616" hits="2"/>
						<line number="617" hits="2"/>
						<line number="618" hits="2"/>
						<line number="619" hits="2"/>
						<line number="620" hits="2"/>
						<line number="622" hits="3"/>
						<line number="623" hits="1"/>
						<line number="624" hits="1"/>
						<line number="625" hits="1"/>
						<line number="626" hits="1"/>
						<line number="627" hits="1"/>
						<line number="628" hits="1"/>
						<line number="629" hits="1"/>
						<line number="630" hits="1"/>
						<line number="632" hits="3"/>
						<line number="633" hits="2"/>
						<line number="634" hits="1"/>
						<line number="640" hits="1"/>
						<line number="648" hits="8"/>
						<line number="649" hits="2"/>
						<line number="662" hits="4"/>
						<line number="674" hits="4"/>
						<line number="691" hits="6"/>
						<line number="692" hits="1"/>
						<line number="693" hits="1"/>
						<line number="696" hits="2"/>
						<line number="697" hits="2"/>
						<line number="700" hits="2"/>
						<line number="702" hits="1"/>
						<line number="705" hits="1"/>
						<line number="706" hits="2"/>
						<line number="721" hits="1"/>
						<line number="722" hits="1"/>
						<line number="723" hits="1"/>
						<line number="724" hits="1"/>
						<line number="725" hits="1"/>
						<line number="726" hits="1"/>
						<line number="727" hits="1"/>
						<line number="728" hits="1"/>
						<line number="729" hits="1"/>
						<line number="732" hits="2"/>
						<line number="733" hits="1"/>
					</lines>
				</class>
			</classes>
		</package>
	</packages>
</coverage>
