<?xml version="1.0" ?>
<!DOCTYPE coverage SYSTEM 'http://cobertura.sourceforge.net/xml/coverage-04.dtd'>
<coverage line-rate="0.956" lines-covered="153" lines-valid="160" branch-rate="1.0" branches-covered="1.0" branches-rate="1.0" complexity="1.0" version="1.9" timestamp="1780660519">
	<sources>
		<source>/home/renich/Projects/crystal/crypto/crystal-tpm2-tss/src/crystal-tpm2-tss/core.cr/</source>
	</sources>
	<packages>
		<package name="spec_bin" line-rate="0.956" lines-covered="153" lines-valid="160" branch-rate="1.0" complexity="1.0">
			<classes>
				<class name="core_cr__0" filename="/home/renich/Projects/crystal/crypto/crystal-tpm2-tss/src/crystal-tpm2-tss/core.cr" branch-rate="1.0" complexity="1.0" line-rate="0.956">
					<lines>
						<line number="11" hits="2"/>
						<line number="99" hits="4"/>
						<line number="100" hits="1"/>
						<line number="106" hits="1"/>
						<line number="107" hits="1"/>
						<line number="111" hits="0"/>
						<line number="112" hits="1"/>
						<line number="117" hits="2"/>
						<line number="118" hits="1"/>
						<line number="119" hits="1"/>
						<line number="123" hits="2"/>
						<line number="128" hits="1"/>
						<line number="131" hits="1"/>
						<line number="133" hits="1"/>
						<line number="134" hits="2"/>
						<line number="136" hits="2"/>
						<line number="137" hits="1"/>
						<line number="141" hits="1"/>
						<line number="144" hits="1"/>
						<line number="146" hits="1"/>
						<line number="149" hits="1"/>
						<line number="152" hits="2"/>
						<line number="153" hits="2"/>
						<line number="155" hits="1"/>
						<line number="159" hits="1"/>
						<line number="161" hits="1"/>
						<line number="163" hits="1"/>
						<line number="164" hits="1"/>
						<line number="165" hits="1"/>
						<line number="166" hits="1"/>
						<line number="168" hits="2"/>
						<line number="170" hits="3"/>
						<line number="171" hits="1"/>
						<line number="175" hits="2"/>
						<line number="176" hits="1"/>
						<line number="177" hits="1"/>
						<line number="178" hits="1"/>
						<line number="179" hits="1"/>
						<line number="181" hits="2"/>
						<line number="183" hits="2"/>
						<line number="184" hits="1"/>
						<line number="190" hits="1"/>
						<line number="191" hits="1"/>
						<line number="195" hits="1"/>
						<line number="196" hits="1"/>
						<line number="199" hits="1"/>
						<line number="200" hits="1"/>
						<line number="202" hits="1"/>
						<line number="203" hits="1"/>
						<line number="204" hits="1"/>
						<line number="205" hits="1"/>
						<line number="206" hits="1"/>
						<line number="208" hits="1"/>
						<line number="211" hits="2"/>
						<line number="212" hits="1"/>
						<line number="213" hits="1"/>
						<line number="214" hits="1"/>
						<line number="215" hits="1"/>
						<line number="217" hits="1"/>
						<line number="218" hits="1"/>
						<line number="219" hits="1"/>
						<line number="220" hits="1"/>
						<line number="224" hits="2"/>
						<line number="225" hits="1"/>
						<line number="226" hits="1"/>
						<line number="227" hits="1"/>
						<line number="228" hits="1"/>
						<line number="229" hits="1"/>
						<line number="230" hits="1"/>
						<line number="231" hits="1"/>
						<line number="232" hits="1"/>
						<line number="235" hits="2"/>
						<line number="236" hits="1"/>
						<line number="237" hits="1"/>
						<line number="238" hits="1"/>
						<line number="239" hits="1"/>
						<line number="240" hits="1"/>
						<line number="241" hits="1"/>
						<line number="244" hits="2"/>
						<line number="245" hits="1"/>
						<line number="246" hits="1"/>
						<line number="247" hits="1"/>
						<line number="248" hits="1"/>
						<line number="249" hits="1"/>
						<line number="252" hits="2"/>
						<line number="253" hits="3"/>
						<line number="254" hits="0"/>
						<line number="255" hits="0"/>
						<line number="256" hits="0"/>
						<line number="257" hits="1"/>
						<line number="260" hits="0"/>
						<line number="273" hits="3"/>
						<line number="274" hits="1"/>
						<line number="287" hits="4"/>
						<line number="288" hits="1"/>
						<line number="289" hits="1"/>
						<line number="290" hits="1"/>
						<line number="291" hits="1"/>
						<line number="292" hits="1"/>
						<line number="301" hits="2"/>
						<line number="303" hits="2"/>
						<line number="304" hits="1"/>
						<line number="306" hits="1"/>
						<line number="307" hits="1"/>
						<line number="308" hits="1"/>
						<line number="309" hits="1"/>
						<line number="310" hits="1"/>
						<line number="311" hits="1"/>
						<line number="313" hits="1"/>
						<line number="317" hits="2"/>
						<line number="319" hits="1"/>
						<line number="320" hits="2"/>
						<line number="321" hits="1"/>
						<line number="325" hits="1"/>
						<line number="327" hits="1"/>
						<line number="328" hits="0"/>
						<line number="329" hits="1"/>
						<line number="334" hits="1"/>
						<line number="336" hits="1"/>
						<line number="337" hits="0"/>
						<line number="338" hits="1"/>
						<line number="352" hits="5"/>
						<line number="353" hits="2"/>
						<line number="354" hits="1"/>
						<line number="355" hits="1"/>
						<line number="359" hits="2"/>
						<line number="360" hits="1"/>
						<line number="363" hits="1"/>
						<line number="364" hits="1"/>
						<line number="366" hits="1"/>
						<line number="571" hits="1"/>
						<line number="573" hits="1"/>
						<line number="584" hits="4"/>
						<line number="585" hits="1"/>
						<line number="586" hits="1"/>
						<line number="587" hits="1"/>
						<line number="590" hits="2"/>
						<line number="591" hits="1"/>
						<line number="594" hits="2"/>
						<line number="595" hits="1"/>
						<line number="598" hits="2"/>
						<line number="599" hits="1"/>
						<line number="610" hits="4"/>
						<line number="611" hits="1"/>
						<line number="612" hits="1"/>
						<line number="640" hits="1"/>
						<line number="648" hits="4"/>
						<line number="649" hits="1"/>
						<line number="691" hits="4"/>
						<line number="692" hits="1"/>
						<line number="693" hits="1"/>
						<line number="721" hits="1"/>
						<line number="722" hits="1"/>
						<line number="723" hits="1"/>
						<line number="724" hits="1"/>
						<line number="725" hits="1"/>
						<line number="726" hits="1"/>
						<line number="727" hits="1"/>
						<line number="728" hits="1"/>
						<line number="729" hits="1"/>
					</lines>
				</class>
			</classes>
		</package>
	</packages>
</coverage>
