<?xml version="1.0" ?>
<!DOCTYPE coverage SYSTEM 'http://cobertura.sourceforge.net/xml/coverage-04.dtd'>
<coverage line-rate="1.000" lines-covered="262" lines-valid="262" branch-rate="1.0" branches-covered="1.0" branches-rate="1.0" complexity="1.0" version="1.9" timestamp="1780659610">
	<sources>
		<source>/home/renich/Projects/crystal/crypto/crystal-tpm2-tss/src/crystal-tpm2-tss/core.cr/</source>
	</sources>
	<packages>
		<package name="spec_bin" line-rate="1.000" lines-covered="262" lines-valid="262" branch-rate="1.0" complexity="1.0">
			<classes>
				<class name="core_cr__0" filename="/home/renich/Projects/crystal/crypto/crystal-tpm2-tss/src/crystal-tpm2-tss/core.cr" branch-rate="1.0" complexity="1.0" line-rate="1.000">
					<lines>
						<line number="11" hits="2"/>
						<line number="97" hits="9"/>
						<line number="98" hits="3"/>
						<line number="103" hits="2"/>
						<line number="104" hits="1"/>
						<line number="109" hits="2"/>
						<line number="110" hits="2"/>
						<line number="111" hits="2"/>
						<line number="115" hits="1"/>
						<line number="119" hits="1"/>
						<line number="122" hits="1"/>
						<line number="124" hits="1"/>
						<line number="125" hits="3"/>
						<line number="127" hits="2"/>
						<line number="128" hits="2"/>
						<line number="132" hits="1"/>
						<line number="135" hits="1"/>
						<line number="137" hits="1"/>
						<line number="140" hits="1"/>
						<line number="143" hits="2"/>
						<line number="144" hits="2"/>
						<line number="146" hits="1"/>
						<line number="150" hits="1"/>
						<line number="152" hits="1"/>
						<line number="154" hits="1"/>
						<line number="155" hits="1"/>
						<line number="156" hits="1"/>
						<line number="157" hits="1"/>
						<line number="159" hits="3"/>
						<line number="161" hits="3"/>
						<line number="162" hits="2"/>
						<line number="166" hits="2"/>
						<line number="167" hits="1"/>
						<line number="168" hits="1"/>
						<line number="169" hits="1"/>
						<line number="170" hits="1"/>
						<line number="172" hits="3"/>
						<line number="174" hits="2"/>
						<line number="175" hits="1"/>
						<line number="181" hits="1"/>
						<line number="189" hits="1"/>
						<line number="190" hits="1"/>
						<line number="194" hits="1"/>
						<line number="195" hits="1"/>
						<line number="198" hits="1"/>
						<line number="199" hits="1"/>
						<line number="201" hits="1"/>
						<line number="202" hits="1"/>
						<line number="203" hits="1"/>
						<line number="204" hits="1"/>
						<line number="205" hits="1"/>
						<line number="207" hits="1"/>
						<line number="210" hits="2"/>
						<line number="211" hits="1"/>
						<line number="212" hits="1"/>
						<line number="213" hits="1"/>
						<line number="214" hits="1"/>
						<line number="216" hits="1"/>
						<line number="217" hits="1"/>
						<line number="218" hits="1"/>
						<line number="219" hits="1"/>
						<line number="223" hits="2"/>
						<line number="224" hits="1"/>
						<line number="225" hits="1"/>
						<line number="226" hits="1"/>
						<line number="227" hits="1"/>
						<line number="228" hits="1"/>
						<line number="229" hits="1"/>
						<line number="230" hits="1"/>
						<line number="231" hits="1"/>
						<line number="234" hits="2"/>
						<line number="235" hits="1"/>
						<line number="236" hits="1"/>
						<line number="237" hits="1"/>
						<line number="238" hits="1"/>
						<line number="239" hits="1"/>
						<line number="240" hits="1"/>
						<line number="243" hits="2"/>
						<line number="244" hits="1"/>
						<line number="245" hits="1"/>
						<line number="246" hits="1"/>
						<line number="247" hits="1"/>
						<line number="248" hits="1"/>
						<line number="251" hits="3"/>
						<line number="252" hits="4"/>
						<line number="253" hits="1"/>
						<line number="254" hits="1"/>
						<line number="255" hits="1"/>
						<line number="256" hits="3"/>
						<line number="259" hits="1"/>
						<line number="267" hits="2"/>
						<line number="268" hits="2"/>
						<line number="278" hits="4"/>
						<line number="279" hits="1"/>
						<line number="280" hits="1"/>
						<line number="281" hits="1"/>
						<line number="282" hits="1"/>
						<line number="283" hits="1"/>
						<line number="293" hits="2"/>
						<line number="295" hits="2"/>
						<line number="299" hits="2"/>
						<line number="301" hits="2"/>
						<line number="302" hits="1"/>
						<line number="304" hits="1"/>
						<line number="305" hits="1"/>
						<line number="306" hits="1"/>
						<line number="307" hits="1"/>
						<line number="308" hits="1"/>
						<line number="309" hits="1"/>
						<line number="311" hits="1"/>
						<line number="315" hits="2"/>
						<line number="317" hits="1"/>
						<line number="318" hits="2"/>
						<line number="332" hits="1"/>
						<line number="334" hits="1"/>
						<line number="335" hits="2"/>
						<line number="336" hits="3"/>
						<line number="350" hits="4"/>
						<line number="351" hits="1"/>
						<line number="352" hits="1"/>
						<line number="356" hits="2"/>
						<line number="357" hits="1"/>
						<line number="360" hits="1"/>
						<line number="361" hits="1"/>
						<line number="363" hits="1"/>
						<line number="388" hits="2"/>
						<line number="392" hits="1"/>
						<line number="395" hits="1"/>
						<line number="396" hits="2"/>
						<line number="398" hits="2"/>
						<line number="399" hits="2"/>
						<line number="403" hits="1"/>
						<line number="406" hits="1"/>
						<line number="407" hits="1"/>
						<line number="408" hits="2"/>
						<line number="410" hits="1"/>
						<line number="415" hits="2"/>
						<line number="417" hits="1"/>
						<line number="419" hits="1"/>
						<line number="421" hits="2"/>
						<line number="424" hits="1"/>
						<line number="427" hits="1"/>
						<line number="430" hits="1"/>
						<line number="433" hits="1"/>
						<line number="444" hits="2"/>
						<line number="446" hits="1"/>
						<line number="447" hits="1"/>
						<line number="448" hits="1"/>
						<line number="449" hits="1"/>
						<line number="451" hits="2"/>
						<line number="453" hits="2"/>
						<line number="454" hits="2"/>
						<line number="457" hits="1"/>
						<line number="460" hits="2"/>
						<line number="461" hits="1"/>
						<line number="464" hits="1"/>
						<line number="465" hits="1"/>
						<line number="466" hits="1"/>
						<line number="467" hits="1"/>
						<line number="470" hits="1"/>
						<line number="471" hits="1"/>
						<line number="472" hits="1"/>
						<line number="478" hits="1"/>
						<line number="480" hits="1"/>
						<line number="483" hits="1"/>
						<line number="484" hits="1"/>
						<line number="485" hits="1"/>
						<line number="486" hits="1"/>
						<line number="489" hits="1"/>
						<line number="492" hits="1"/>
						<line number="494" hits="1"/>
						<line number="497" hits="1"/>
						<line number="498" hits="1"/>
						<line number="499" hits="1"/>
						<line number="503" hits="2"/>
						<line number="504" hits="1"/>
						<line number="505" hits="1"/>
						<line number="506" hits="1"/>
						<line number="507" hits="1"/>
						<line number="508" hits="1"/>
						<line number="509" hits="1"/>
						<line number="510" hits="1"/>
						<line number="511" hits="1"/>
						<line number="514" hits="2"/>
						<line number="515" hits="1"/>
						<line number="516" hits="1"/>
						<line number="520" hits="2"/>
						<line number="521" hits="1"/>
						<line number="523" hits="1"/>
						<line number="524" hits="1"/>
						<line number="526" hits="1"/>
						<line number="527" hits="1"/>
						<line number="528" hits="1"/>
						<line number="530" hits="1"/>
						<line number="531" hits="1"/>
						<line number="532" hits="1"/>
						<line number="534" hits="1"/>
						<line number="538" hits="2"/>
						<line number="539" hits="1"/>
						<line number="558" hits="2"/>
						<line number="559" hits="1"/>
						<line number="568" hits="1"/>
						<line number="570" hits="1"/>
						<line number="581" hits="4"/>
						<line number="582" hits="1"/>
						<line number="583" hits="1"/>
						<line number="584" hits="1"/>
						<line number="587" hits="2"/>
						<line number="588" hits="1"/>
						<line number="591" hits="2"/>
						<line number="592" hits="1"/>
						<line number="595" hits="2"/>
						<line number="596" hits="1"/>
						<line number="604" hits="2"/>
						<line number="605" hits="2"/>
						<line number="607" hits="4"/>
						<line number="608" hits="1"/>
						<line number="609" hits="1"/>
						<line number="612" hits="4"/>
						<line number="613" hits="2"/>
						<line number="614" hits="2"/>
						<line number="615" hits="2"/>
						<line number="616" hits="2"/>
						<line number="617" hits="2"/>
						<line number="619" hits="3"/>
						<line number="620" hits="1"/>
						<line number="621" hits="1"/>
						<line number="622" hits="1"/>
						<line number="623" hits="1"/>
						<line number="624" hits="1"/>
						<line number="625" hits="1"/>
						<line number="626" hits="1"/>
						<line number="627" hits="1"/>
						<line number="629" hits="3"/>
						<line number="630" hits="2"/>
						<line number="631" hits="1"/>
						<line number="637" hits="1"/>
						<line number="645" hits="8"/>
						<line number="646" hits="2"/>
						<line number="659" hits="4"/>
						<line number="671" hits="4"/>
						<line number="688" hits="6"/>
						<line number="689" hits="1"/>
						<line number="690" hits="1"/>
						<line number="693" hits="2"/>
						<line number="694" hits="2"/>
						<line number="697" hits="2"/>
						<line number="699" hits="1"/>
						<line number="702" hits="1"/>
						<line number="703" hits="2"/>
						<line number="704" hits="2"/>
						<line number="719" hits="1"/>
						<line number="720" hits="1"/>
						<line number="721" hits="1"/>
						<line number="722" hits="1"/>
						<line number="723" hits="1"/>
						<line number="724" hits="1"/>
						<line number="725" hits="1"/>
						<line number="726" hits="1"/>
						<line number="727" hits="1"/>
						<line number="730" hits="2"/>
						<line number="731" hits="1"/>
					</lines>
				</class>
			</classes>
		</package>
	</packages>
</coverage>
